CordovaLib/build/outputs/logs/manifest-merger-debug-report.txt
-- Merging decision tree log ---
manifest
ADDED from dima_ruinskiy-coregulation-831646c47d82/CordovaLib/AndroidManifest.xml:20:1-22:12
INJECTED from dima_ruinskiy-coregulation-831646c47d82/CordovaLib/AndroidManifest.xml:20:1-22:12
INJECTED from dima_ruinskiy-coregulation-831646c47d82/CordovaLib/AndroidManifest.xml:20:1-22:12
INJECTED from dima_ruinskiy-coregulation-831646c47d82/CordovaLib/AndroidManifest.xml:20:1-22:12
INJECTED from dima_ruinskiy-coregulation-831646c47d82/CordovaLib/AndroidManifest.xml:20:1-22:12
INJECTED from dima_ruinskiy-coregulation-831646c47d82/CordovaLib/AndroidManifest.xml:20:1-22:12
INJECTED from dima_ruinskiy-coregulation-831646c47d82/CordovaLib/AndroidManifest.xml:20:1-22:12
	package
		ADDED from dima_ruinskiy-coregulation-831646c47d82/CordovaLib/AndroidManifest.xml:21:7-35
		INJECTED from dima_ruinskiy-coregulation-831646c47d82/CordovaLib/AndroidManifest.xml
		INJECTED from dima_ruinskiy-coregulation-831646c47d82/CordovaLib/AndroidManifest.xml
	android:versionName
		ADDED from dima_ruinskiy-coregulation-831646c47d82/CordovaLib/AndroidManifest.xml:21:36-61
		INJECTED from dima_ruinskiy-coregulation-831646c47d82/CordovaLib/AndroidManifest.xml
		INJECTED from dima_ruinskiy-coregulation-831646c47d82/CordovaLib/AndroidManifest.xml
	xmlns:android
		ADDED from dima_ruinskiy-coregulation-831646c47d82/CordovaLib/AndroidManifest.xml:20:11-69
	android:versionCode
		ADDED from dima_ruinskiy-coregulation-831646c47d82/CordovaLib/AndroidManifest.xml:21:62-85
		INJECTED from dima_ruinskiy-coregulation-831646c47d82/CordovaLib/AndroidManifest.xml
		INJECTED from dima_ruinskiy-coregulation-831646c47d82/CordovaLib/AndroidManifest.xml
uses-sdk
INJECTED from dima_ruinskiy-coregulation-831646c47d82/CordovaLib/AndroidManifest.xml reason: use-sdk injection requested
INJECTED from dima_ruinskiy-coregulation-831646c47d82/CordovaLib/AndroidManifest.xml
INJECTED from dima_ruinskiy-coregulation-831646c47d82/CordovaLib/AndroidManifest.xml
	android:minSdkVersion
		INJECTED from dima_ruinskiy-coregulation-831646c47d82/CordovaLib/AndroidManifest.xml
		ADDED from dima_ruinskiy-coregulation-831646c47d82/CordovaLib/AndroidManifest.xml
		INJECTED from dima_ruinskiy-coregulation-831646c47d82/CordovaLib/AndroidManifest.xml